Using pre-set license
Built from '6000.0/staging' branch; Version is '6000.0.27f1 (27c554a2199c) revision 2606420'; Using compiler version '193933523'; Build Type 'Release'
OS: 'Windows 10  (10.0.17763) 64bit EnterpriseS' Language: 'ru' Physical Memory: 16309 MB
BatchMode: 1, IsHumanControllingUs: 0, StartBugReporterOnCrash: 0, Is64bit: 1, IsPro: 1

COMMAND LINE ARGUMENTS:
C:\Program Files\Unity\Hub\Editor\6000.0.27f1\Editor\Unity.exe
-adb2
-batchMode
-noUpm
-name
AssetImportWorker0
-projectPath
C:/Users/antennaria/Documents/GitHub/StillBear/StillBear
-logFile
Logs/AssetImportWorker0.log
-srvPort
53329
-job-worker-count
5
-background-job-worker-count
8
-asset-garbage-collectors
1
Successfully changed project path to: C:/Users/antennaria/Documents/GitHub/StillBear/StillBear
C:/Users/antennaria/Documents/GitHub/StillBear/StillBear
[UnityMemory] Configuration Parameters - Can be set up in boot.config
    "memorysetup-bucket-allocator-granularity=16"
    "memorysetup-bucket-allocator-bucket-count=8"
    "memorysetup-bucket-allocator-block-size=33554432"
    "memorysetup-bucket-allocator-block-count=8"
    "memorysetup-main-allocator-block-size=16777216"
    "memorysetup-thread-allocator-block-size=16777216"
    "memorysetup-gfx-main-allocator-block-size=16777216"
    "memorysetup-gfx-thread-allocator-block-size=16777216"
    "memorysetup-cache-allocator-block-size=4194304"
    "memorysetup-typetree-allocator-block-size=2097152"
    "memorysetup-profiler-bucket-allocator-granularity=16"
    "memorysetup-profiler-bucket-allocator-bucket-count=8"
    "memorysetup-profiler-bucket-allocator-block-size=33554432"
    "memorysetup-profiler-bucket-allocator-block-count=8"
    "memorysetup-profiler-allocator-block-size=16777216"
    "memorysetup-profiler-editor-allocator-block-size=1048576"
    "memorysetup-temp-allocator-size-main=16777216"
    "memorysetup-job-temp-allocator-block-size=2097152"
    "memorysetup-job-temp-allocator-block-size-background=1048576"
    "memorysetup-job-temp-allocator-reduction-small-platforms=262144"
    "memorysetup-allocator-temp-initial-block-size-main=262144"
    "memorysetup-allocator-temp-initial-block-size-worker=262144"
    "memorysetup-temp-allocator-size-background-worker=32768"
    "memorysetup-temp-allocator-size-job-worker=262144"
    "memorysetup-temp-allocator-size-preload-manager=33554432"
    "memorysetup-temp-allocator-size-nav-mesh-worker=65536"
    "memorysetup-temp-allocator-size-audio-worker=65536"
    "memorysetup-temp-allocator-size-cloud-worker=32768"
    "memorysetup-temp-allocator-size-gi-baking-worker=262144"
    "memorysetup-temp-allocator-size-gi-baking-worker=262144"
    "memorysetup-temp-allocator-size-gi-baking-worker=262144"
    "memorysetup-temp-allocator-size-gi-baking-worker=262144"
    "memorysetup-temp-allocator-size-gi-baking-worker=262144"
    "memorysetup-temp-allocator-size-gfx=262144"
Player connection [7388]  Target information:

Player connection [7388]  * "[IP] 192.168.56.1 [Port] 0 [Flags] 2 [Guid] 1330152954 [EditorId] 1330152954 [Version] 1048832 [Id] WindowsEditor(7,DESKTOP-459Q7IS) [Debug] 1 [PackageName] WindowsEditor [ProjectName] Editor" 

Player connection [7388]  * "[IP] 192.168.189.69 [Port] 0 [Flags] 2 [Guid] 1330152954 [EditorId] 1330152954 [Version] 1048832 [Id] WindowsEditor(7,DESKTOP-459Q7IS) [Debug] 1 [PackageName] WindowsEditor [ProjectName] Editor" 

Player connection [7388] Host joined multi-casting on [225.0.0.222:54997]...
Player connection [7388] Host joined alternative multi-casting on [225.0.0.222:34997]...
JobSystem: Creating JobQueue using job-worker-count value 5
[Physics::Module] Initialized fallback backend.
[Physics::Module] Id: 0xdecafbad
Library Redirect Path: Library/
[Physics::Module] Selected backend.
[Physics::Module] Name: PhysX
[Physics::Module] Id: 0xf2b8ea05
[Physics::Module] SDK Version: 4.1.2
[Physics::Module] Integration Version: 1.0.0
[Physics::Module] Threading Mode: Multi-Threaded
Refreshing native plugins compatible for Editor in 245.14 ms, found 4 plugins.
Preloading 0 native plugins for Editor in 0.00 ms.
Initialize engine version: 6000.0.27f1 (27c554a2199c)
[Subsystems] Discovering subsystems at path C:/Program Files/Unity/Hub/Editor/6000.0.27f1/Editor/Data/Resources/UnitySubsystems
[Subsystems] Discovering subsystems at path C:/Users/antennaria/Documents/GitHub/StillBear/StillBear/Assets
GfxDevice: creating device client; kGfxThreadingModeNonThreaded
Direct3D:
    Version:  Direct3D 11.0 [level 11.0]
    Renderer: NVIDIA GeForce GTX 780 (ID=0x1004)
    Vendor:   NVIDIA
    VRAM:     3029 MB
    Driver:   30.0.14.7514
Shader Hidden/ProbeVolume/VoxelizeScene is not supported: GPU does not support conservative rasterization
Initialize mono
Mono path[0] = 'C:/Program Files/Unity/Hub/Editor/6000.0.27f1/Editor/Data/Managed'
Mono path[1] = 'C:/Program Files/Unity/Hub/Editor/6000.0.27f1/Editor/Data/MonoBleedingEdge/lib/mono/unityjit-win32'
Mono config path = 'C:/Program Files/Unity/Hub/Editor/6000.0.27f1/Editor/Data/MonoBleedingEdge/etc'
Using monoOptions --debugger-agent=transport=dt_socket,embedding=1,server=y,suspend=n,address=127.0.0.1:56320
Begin MonoManager ReloadAssembly
Registering precompiled unity dll's ...
Register platform support module: C:/Program Files/Unity/Hub/Editor/6000.0.27f1/Editor/Data/PlaybackEngines/WebGLSupport/UnityEditor.WebGL.Extensions.dll
Register platform support module: C:/Program Files/Unity/Hub/Editor/6000.0.27f1/Editor/Data/PlaybackEngines/WindowsStandaloneSupport/UnityEditor.WindowsStandalone.Extensions.dll
Register platform support module: C:/Program Files/Unity/Hub/Editor/6000.0.27f1/Editor/Data/PlaybackEngines/AndroidPlayer/UnityEditor.Android.Extensions.dll
Registered in 0.892304 seconds.
- Loaded All Assemblies, in 14.448 seconds
Native extension for Android target not found
Android Extension - Scanning For ADB Devices 445 ms
Native extension for WindowsStandalone target not found
Native extension for WebGL target not found
Mono: successfully reloaded assembly
- Finished resetting the current domain, in  1.051 seconds
Domain Reload Profiling: 15496ms
	BeginReloadAssembly (10454ms)
		ExecutionOrderSort (0ms)
		DisableScriptedObjects (0ms)
		BackupInstance (0ms)
		ReleaseScriptingObjects (0ms)
		CreateAndSetChildDomain (1ms)
	RebuildCommonClasses (598ms)
	RebuildNativeTypeToScriptingClass (18ms)
	initialDomainReloadingComplete (979ms)
	LoadAllAssembliesAndSetupDomain (2394ms)
		LoadAssemblies (10451ms)
		RebuildTransferFunctionScriptingTraits (0ms)
		AnalyzeDomain (2387ms)
			TypeCache.Refresh (2385ms)
				TypeCache.ScanAssembly (1984ms)
			BuildScriptInfoCaches (0ms)
			ResolveRequiredComponents (1ms)
	FinalizeReload (1052ms)
		ReleaseScriptCaches (0ms)
		RebuildScriptCaches (0ms)
		SetupLoadedEditorAssemblies (1003ms)
			LogAssemblyErrors (0ms)
			InitializePlatformSupportModulesInManaged (586ms)
			SetLoadedEditorAssemblies (5ms)
			BeforeProcessingInitializeOnLoad (8ms)
			ProcessInitializeOnLoadAttributes (264ms)
			ProcessInitializeOnLoadMethodAttributes (134ms)
			AfterProcessingInitializeOnLoad (5ms)
			EditorAssembliesLoaded (0ms)
		ExecutionOrderSort2 (0ms)
		AwakeInstancesAfterBackupRestoration (0ms)
Assembly reference Packages/com.unity.cinemachine/Editor/Samples/ExposeHDRPInternals/HDRP-Editor-ref.asmref has no target assembly definition
========================================================================
Worker process is ready to serve import requests
Import Worker Mode flag is 0x00
Assembly reference Packages/com.unity.cinemachine/Editor/Samples/ExposeHDRPInternals/HDRP-Editor-ref.asmref has no target assembly definition
Assembly reference Packages/com.unity.cinemachine/Editor/Samples/ExposeHDRPInternals/HDRP-Editor-ref.asmref has no target assembly definition
Begin MonoManager ReloadAssembly
- Loaded All Assemblies, in 18.300 seconds
Assembly reference Packages/com.unity.cinemachine/Editor/Samples/ExposeHDRPInternals/HDRP-Editor-ref.asmref has no target assembly definition
'Packages/com.unity.cinemachine/Editor/Obsolete/CinemachineVirtualCameraBaseEditor.cs' contains partial class of Unity.Object, exactly 1 of the partial classes needs to be in a file with the same filename. This is to know the one that can be referenced from ie. GameObjects
'Packages/com.unity.cinemachine/Editor/Editors/CinemachineVirtualCameraBaseEditor.cs' contains partial class of Unity.Object, exactly 1 of the partial classes needs to be in a file with the same filename. This is to know the one that can be referenced from ie. GameObjects
Refreshing native plugins compatible for Editor in 3.90 ms, found 4 plugins.
Native extension for Android target not found
Native extension for WindowsStandalone target not found
Native extension for WebGL target not found
Assembly reference Packages/com.unity.cinemachine/Editor/Samples/ExposeHDRPInternals/HDRP-Editor-ref.asmref has no target assembly definition
Package Manager log level set to [2]
[Package Manager] Failed to launch server process. Reason: Unity was launched with the -noUpm command-line argument
[Package Manager] Unable to send message (not connected to server process).
[Package Manager] Cannot connect to Unity Package Manager local server
Mono: successfully reloaded assembly
- Finished resetting the current domain, in  1.799 seconds
Domain Reload Profiling: 20089ms
	BeginReloadAssembly (663ms)
		ExecutionOrderSort (0ms)
		DisableScriptedObjects (8ms)
		BackupInstance (0ms)
		ReleaseScriptingObjects (0ms)
		CreateAndSetChildDomain (51ms)
	RebuildCommonClasses (49ms)
	RebuildNativeTypeToScriptingClass (18ms)
	initialDomainReloadingComplete (58ms)
	LoadAllAssembliesAndSetupDomain (17503ms)
		LoadAssemblies (15954ms)
		RebuildTransferFunctionScriptingTraits (0ms)
		AnalyzeDomain (1716ms)
			TypeCache.Refresh (1547ms)
				TypeCache.ScanAssembly (1415ms)
			BuildScriptInfoCaches (147ms)
			ResolveRequiredComponents (18ms)
	FinalizeReload (1800ms)
		ReleaseScriptCaches (0ms)
		RebuildScriptCaches (0ms)
		SetupLoadedEditorAssemblies (1377ms)
			LogAssemblyErrors (0ms)
			InitializePlatformSupportModulesInManaged (25ms)
			SetLoadedEditorAssemblies (9ms)
			BeforeProcessingInitializeOnLoad (152ms)
			ProcessInitializeOnLoadAttributes (1052ms)
			ProcessInitializeOnLoadMethodAttributes (120ms)
			AfterProcessingInitializeOnLoad (19ms)
			EditorAssembliesLoaded (0ms)
		ExecutionOrderSort2 (0ms)
		AwakeInstancesAfterBackupRestoration (13ms)
Shader Hidden/ProbeVolume/VoxelizeScene is not supported: GPU does not support conservative rasterization
Launched and connected shader compiler UnityShaderCompiler.exe after 0.02 seconds
Refreshing native plugins compatible for Editor in 2.83 ms, found 4 plugins.
Preloading 0 native plugins for Editor in 0.00 ms.
Unloading 119 Unused Serialized files (Serialized files now loaded: 0)
Unloading 6656 unused Assets / (7.8 MB). Loaded Objects now: 7298.
Memory consumption went from 182.4 MB to 174.6 MB.
Total: 12.976000 ms (FindLiveObjects: 1.170700 ms CreateObjectMapping: 0.474000 ms MarkObjects: 7.104400 ms  DeleteObjects: 4.223800 ms)

========================================================================
Received Import Request.
  Time since last request: 727677.921137 seconds.
  path: Assets/Scenes/Menu.unity
  artifactKey: Guid(fb6538440cf5ce5418c60850262aa466) Importer(815301076,1909f56bfc062723c751e8b465ee728b)
Start importing Assets/Scenes/Menu.unity using Guid(fb6538440cf5ce5418c60850262aa466) Importer(815301076,1909f56bfc062723c751e8b465ee728b) (PreviewImporter) -> (artifact id: 'e2c58c34ab4b75d930184562bb551510') in 0.0090437 seconds
Number of updated asset objects reloaded before import = 0Number of asset objects unloaded after import = 0

========================================================================
Received Import Request.
  Time since last request: 726.800202 seconds.
  path: Assets/Dark UI
  artifactKey: Guid(82c72b4f3c177a04ba658c4bed548d96) Importer(815301076,1909f56bfc062723c751e8b465ee728b)
Start importing Assets/Dark UI using Guid(82c72b4f3c177a04ba658c4bed548d96) Importer(815301076,1909f56bfc062723c751e8b465ee728b) (PreviewImporter) -> (artifact id: 'a334df244225b7f3d39d57d3dcfdf680') in 0.0007263 seconds
Number of updated asset objects reloaded before import = 0Number of asset objects unloaded after import = 0

========================================================================
Received Import Request.
  Time since last request: 1.626589 seconds.
  path: Assets/Dark UI/Free
  artifactKey: Guid(ed4641cfe264b2a4d85131149cf11d14) Importer(815301076,1909f56bfc062723c751e8b465ee728b)
Start importing Assets/Dark UI/Free using Guid(ed4641cfe264b2a4d85131149cf11d14) Importer(815301076,1909f56bfc062723c751e8b465ee728b) (PreviewImporter) -> (artifact id: 'd4019990c7eb2e145493c239189d48dd') in 0.0005994 seconds
Number of updated asset objects reloaded before import = 0Number of asset objects unloaded after import = 0

========================================================================
Received Import Request.
  Time since last request: 0.163174 seconds.
  path: Assets/Dark UI/Free/32.png
  artifactKey: Guid(dcdc43f7a0ad67b4ab3e3db38233dfae) Importer(815301076,1909f56bfc062723c751e8b465ee728b)
Start importing Assets/Dark UI/Free/32.png using Guid(dcdc43f7a0ad67b4ab3e3db38233dfae) Importer(815301076,1909f56bfc062723c751e8b465ee728b) (PreviewImporter) -> (artifact id: '74ed194e76117084250e4d3d8f686685') in 0.1630179 seconds
Number of updated asset objects reloaded before import = 0Number of asset objects unloaded after import = 3

========================================================================
Received Import Request.
  Time since last request: 0.000040 seconds.
  path: Assets/Dark UI/Free/128 Light 2.png
  artifactKey: Guid(4c5a0d6878b96be4f9f82216b59eca51) Importer(815301076,1909f56bfc062723c751e8b465ee728b)
Start importing Assets/Dark UI/Free/128 Light 2.png using Guid(4c5a0d6878b96be4f9f82216b59eca51) Importer(815301076,1909f56bfc062723c751e8b465ee728b) (PreviewImporter) -> (artifact id: '5476be0d87ce285f69a351dcb4f0f2e0') in 0.0263268 seconds
Number of updated asset objects reloaded before import = 0Number of asset objects unloaded after import = 3

========================================================================
Received Import Request.
  Time since last request: 0.000041 seconds.
  path: Assets/Dark UI/Free/CIRCLE4PXMED.png
  artifactKey: Guid(ec6eebcb88fa2314796ef9605c6a43e7) Importer(815301076,1909f56bfc062723c751e8b465ee728b)
Start importing Assets/Dark UI/Free/CIRCLE4PXMED.png using Guid(ec6eebcb88fa2314796ef9605c6a43e7) Importer(815301076,1909f56bfc062723c751e8b465ee728b) (PreviewImporter) -> (artifact id: 'b903cc96cdd4f4c0a6416a662562df18') in 0.0339696 seconds
Number of updated asset objects reloaded before import = 0Number of asset objects unloaded after import = 3

========================================================================
Received Import Request.
  Time since last request: 0.000017 seconds.
  path: Assets/Dark UI/Free/Bell.png
  artifactKey: Guid(f004d321f2825c44d929e3d0f5844b8c) Importer(815301076,1909f56bfc062723c751e8b465ee728b)
Start importing Assets/Dark UI/Free/Bell.png using Guid(f004d321f2825c44d929e3d0f5844b8c) Importer(815301076,1909f56bfc062723c751e8b465ee728b) (PreviewImporter) -> (artifact id: 'ae528b0a6178b6f39910b2da9c002359') in 0.0315284 seconds
Number of updated asset objects reloaded before import = 0Number of asset objects unloaded after import = 3

========================================================================
Received Import Request.
  Time since last request: 0.000030 seconds.
  path: Assets/Dark UI/Free/World.png
  artifactKey: Guid(cb0be92a1645a7c48a26aa4a8ebdb7d8) Importer(815301076,1909f56bfc062723c751e8b465ee728b)
Start importing Assets/Dark UI/Free/World.png using Guid(cb0be92a1645a7c48a26aa4a8ebdb7d8) Importer(815301076,1909f56bfc062723c751e8b465ee728b) (PreviewImporter) -> (artifact id: '3e747a8767bb819c32b0e9836c49a591') in 0.0207371 seconds
Number of updated asset objects reloaded before import = 0Number of asset objects unloaded after import = 3

========================================================================
Received Import Request.
  Time since last request: 0.000025 seconds.
  path: Assets/Dark UI/Free/Lock.png
  artifactKey: Guid(f9e4c141412ca6345963f9ece84aae0a) Importer(815301076,1909f56bfc062723c751e8b465ee728b)
Start importing Assets/Dark UI/Free/Lock.png using Guid(f9e4c141412ca6345963f9ece84aae0a) Importer(815301076,1909f56bfc062723c751e8b465ee728b) (PreviewImporter) -> (artifact id: 'dc5f6c1e040d9066c32e485fe615f9d5') in 0.0238795 seconds
Number of updated asset objects reloaded before import = 0Number of asset objects unloaded after import = 3

========================================================================
Received Import Request.
  Time since last request: 0.000026 seconds.
  path: Assets/Dark UI/Free/Button_Large_A.png
  artifactKey: Guid(fee7cb0981897184ca8e254670a1d84f) Importer(815301076,1909f56bfc062723c751e8b465ee728b)
Start importing Assets/Dark UI/Free/Button_Large_A.png using Guid(fee7cb0981897184ca8e254670a1d84f) Importer(815301076,1909f56bfc062723c751e8b465ee728b) (PreviewImporter) -> (artifact id: '7ea26d29f45fc7f8aeac4eae1fc1d399') in 0.026007 seconds
Number of updated asset objects reloaded before import = 0Number of asset objects unloaded after import = 3

========================================================================
Received Import Request.
  Time since last request: 0.000027 seconds.
  path: Assets/Dark UI/Free/Add Icon.png
  artifactKey: Guid(25534d7e0c9de5646aee54d576a28388) Importer(815301076,1909f56bfc062723c751e8b465ee728b)
Start importing Assets/Dark UI/Free/Add Icon.png using Guid(25534d7e0c9de5646aee54d576a28388) Importer(815301076,1909f56bfc062723c751e8b465ee728b) (PreviewImporter) -> (artifact id: '8ebba27aa234b1db179cb2fe1e9a54de') in 0.0321059 seconds
Number of updated asset objects reloaded before import = 0Number of asset objects unloaded after import = 3

========================================================================
Received Import Request.
  Time since last request: 0.000030 seconds.
  path: Assets/Dark UI/Free/BTN_Line_4PX_Medium.png
  artifactKey: Guid(b631b747eaea1bb40a188fdced546dd2) Importer(815301076,1909f56bfc062723c751e8b465ee728b)
Start importing Assets/Dark UI/Free/BTN_Line_4PX_Medium.png using Guid(b631b747eaea1bb40a188fdced546dd2) Importer(815301076,1909f56bfc062723c751e8b465ee728b) (PreviewImporter) -> (artifact id: 'f488c162ff7bcca9d6d21464bd281540') in 0.032424 seconds
Number of updated asset objects reloaded before import = 0Number of asset objects unloaded after import = 3

========================================================================
Received Import Request.
  Time since last request: 0.000039 seconds.
  path: Assets/Dark UI/Free/64 Light 2.png
  artifactKey: Guid(91db8970c28d4a344beff5618f7a0ca3) Importer(815301076,1909f56bfc062723c751e8b465ee728b)
Start importing Assets/Dark UI/Free/64 Light 2.png using Guid(91db8970c28d4a344beff5618f7a0ca3) Importer(815301076,1909f56bfc062723c751e8b465ee728b) (PreviewImporter) -> (artifact id: '20692f7f09e035c156219e361b2fa675') in 0.0400764 seconds
Number of updated asset objects reloaded before import = 0Number of asset objects unloaded after import = 3

========================================================================
Received Import Request.
  Time since last request: 0.000456 seconds.
  path: Assets/Dark UI/Free/Down Arrow.png
  artifactKey: Guid(4fa7a2c5ad85feb4991c2ddc865d25c7) Importer(815301076,1909f56bfc062723c751e8b465ee728b)
Start importing Assets/Dark UI/Free/Down Arrow.png using Guid(4fa7a2c5ad85feb4991c2ddc865d25c7) Importer(815301076,1909f56bfc062723c751e8b465ee728b) (PreviewImporter) -> (artifact id: '5098ad071eaed31caf507fb5d9386626') in 0.0255963 seconds
Number of updated asset objects reloaded before import = 0Number of asset objects unloaded after import = 3

========================================================================
Received Import Request.
  Time since last request: 0.000020 seconds.
  path: Assets/Dark UI/Free/CIRCLE4PXLAR.png
  artifactKey: Guid(1d02c027313a6514a849aa45aed65be6) Importer(815301076,1909f56bfc062723c751e8b465ee728b)
Start importing Assets/Dark UI/Free/CIRCLE4PXLAR.png using Guid(1d02c027313a6514a849aa45aed65be6) Importer(815301076,1909f56bfc062723c751e8b465ee728b) (PreviewImporter) -> (artifact id: '93ce96c038da88c745300fe40bac427c') in 0.0292584 seconds
Number of updated asset objects reloaded before import = 0Number of asset objects unloaded after import = 3

========================================================================
Received Import Request.
  Time since last request: 0.000022 seconds.
  path: Assets/Dark UI/Free/Sound.png
  artifactKey: Guid(a0993af277162934b9f02610f6f941f2) Importer(815301076,1909f56bfc062723c751e8b465ee728b)
Start importing Assets/Dark UI/Free/Sound.png using Guid(a0993af277162934b9f02610f6f941f2) Importer(815301076,1909f56bfc062723c751e8b465ee728b) (PreviewImporter) -> (artifact id: '3cab573855cbc2a306a20b5719aaff57') in 0.0234438 seconds
Number of updated asset objects reloaded before import = 0Number of asset objects unloaded after import = 3

========================================================================
Received Import Request.
  Time since last request: 0.000036 seconds.
  path: Assets/Dark UI/Free/Info.png
  artifactKey: Guid(c0d66557e6e886446b2af17220906a63) Importer(815301076,1909f56bfc062723c751e8b465ee728b)
Start importing Assets/Dark UI/Free/Info.png using Guid(c0d66557e6e886446b2af17220906a63) Importer(815301076,1909f56bfc062723c751e8b465ee728b) (PreviewImporter) -> (artifact id: 'af1c03113202371a6d9bfefa5e620137') in 0.023704 seconds
Number of updated asset objects reloaded before import = 0Number of asset objects unloaded after import = 3

========================================================================
Received Import Request.
  Time since last request: 0.000025 seconds.
  path: Assets/Dark UI/Free/Gem.png
  artifactKey: Guid(4aa4dc909b586c14198e6883472062be) Importer(815301076,1909f56bfc062723c751e8b465ee728b)
Start importing Assets/Dark UI/Free/Gem.png using Guid(4aa4dc909b586c14198e6883472062be) Importer(815301076,1909f56bfc062723c751e8b465ee728b) (PreviewImporter) -> (artifact id: '6cd7459024ecd33fca5a5e6db561348a') in 0.0242616 seconds
Number of updated asset objects reloaded before import = 0Number of asset objects unloaded after import = 3

========================================================================
Received Import Request.
  Time since last request: 0.000020 seconds.
  path: Assets/Dark UI/Free/A.png
  artifactKey: Guid(0f9aff9d1d5411d419a50a1f33efcf25) Importer(815301076,1909f56bfc062723c751e8b465ee728b)
Start importing Assets/Dark UI/Free/A.png using Guid(0f9aff9d1d5411d419a50a1f33efcf25) Importer(815301076,1909f56bfc062723c751e8b465ee728b) (PreviewImporter) -> (artifact id: '50f15b8421a68541c90a1a03cc44a8b1') in 0.0248302 seconds
Number of updated asset objects reloaded before import = 0Number of asset objects unloaded after import = 3

========================================================================
Received Import Request.
  Time since last request: 0.000023 seconds.
  path: Assets/Dark UI/Free/64 Light.png
  artifactKey: Guid(1bf101c8c2b8aab4484cd2ff08be047b) Importer(815301076,1909f56bfc062723c751e8b465ee728b)
Start importing Assets/Dark UI/Free/64 Light.png using Guid(1bf101c8c2b8aab4484cd2ff08be047b) Importer(815301076,1909f56bfc062723c751e8b465ee728b) (PreviewImporter) -> (artifact id: '59950cb5cf36f376507cc56598cfb44c') in 0.0242282 seconds
Number of updated asset objects reloaded before import = 0Number of asset objects unloaded after import = 3

========================================================================
Received Import Request.
  Time since last request: 0.000027 seconds.
  path: Assets/Dark UI/Free/Facebook 2.png
  artifactKey: Guid(741fdffd863c9784990792a90548e1f2) Importer(815301076,1909f56bfc062723c751e8b465ee728b)
Start importing Assets/Dark UI/Free/Facebook 2.png using Guid(741fdffd863c9784990792a90548e1f2) Importer(815301076,1909f56bfc062723c751e8b465ee728b) (PreviewImporter) -> (artifact id: '550d2fc3135246efd0fdcdf45c053e2a') in 0.0246238 seconds
Number of updated asset objects reloaded before import = 0Number of asset objects unloaded after import = 3

========================================================================
Received Import Request.
  Time since last request: 0.000035 seconds.
  path: Assets/Dark UI/Free/Up BTN.png
  artifactKey: Guid(156c51bba7cc9d24496e86f11d08bbaf) Importer(815301076,1909f56bfc062723c751e8b465ee728b)
Start importing Assets/Dark UI/Free/Up BTN.png using Guid(156c51bba7cc9d24496e86f11d08bbaf) Importer(815301076,1909f56bfc062723c751e8b465ee728b) (PreviewImporter) -> (artifact id: '0391c3946c48ee42cda79498d34c8bba') in 0.0229589 seconds
Number of updated asset objects reloaded before import = 0Number of asset objects unloaded after import = 3

========================================================================
Received Import Request.
  Time since last request: 0.000031 seconds.
  path: Assets/Dark UI/Free/Button_Small_A.png
  artifactKey: Guid(5ed7b78422faa044695989e1108c5d63) Importer(815301076,1909f56bfc062723c751e8b465ee728b)
Start importing Assets/Dark UI/Free/Button_Small_A.png using Guid(5ed7b78422faa044695989e1108c5d63) Importer(815301076,1909f56bfc062723c751e8b465ee728b) (PreviewImporter) -> (artifact id: 'a8c70d0d4627c7ff3fe88bb098cab2ad') in 0.0260069 seconds
Number of updated asset objects reloaded before import = 0Number of asset objects unloaded after import = 3

========================================================================
Received Import Request.
  Time since last request: 0.000024 seconds.
  path: Assets/Dark UI/Free/Facebook.png
  artifactKey: Guid(b12df616c3582fd4faba65f7fac51968) Importer(815301076,1909f56bfc062723c751e8b465ee728b)
Start importing Assets/Dark UI/Free/Facebook.png using Guid(b12df616c3582fd4faba65f7fac51968) Importer(815301076,1909f56bfc062723c751e8b465ee728b) (PreviewImporter) -> (artifact id: 'b93f764d5ff0453f05d027ed5ad6765a') in 0.0197816 seconds
Number of updated asset objects reloaded before import = 0Number of asset objects unloaded after import = 3

========================================================================
Received Import Request.
  Time since last request: 0.000029 seconds.
  path: Assets/Dark UI/Free/128.png
  artifactKey: Guid(87ea2079a91b3e74f84b5cb700abb4d6) Importer(815301076,1909f56bfc062723c751e8b465ee728b)
Start importing Assets/Dark UI/Free/128.png using Guid(87ea2079a91b3e74f84b5cb700abb4d6) Importer(815301076,1909f56bfc062723c751e8b465ee728b) (PreviewImporter) -> (artifact id: '7eb2fa44f6a86a3f13d6f897ab478038') in 0.0222177 seconds
Number of updated asset objects reloaded before import = 0Number of asset objects unloaded after import = 3

========================================================================
Received Import Request.
  Time since last request: 0.000023 seconds.
  path: Assets/Dark UI/Free/Settings.png
  artifactKey: Guid(751a7b6d15a328547a14075f8adb0bb0) Importer(815301076,1909f56bfc062723c751e8b465ee728b)
Start importing Assets/Dark UI/Free/Settings.png using Guid(751a7b6d15a328547a14075f8adb0bb0) Importer(815301076,1909f56bfc062723c751e8b465ee728b) (PreviewImporter) -> (artifact id: '47a05dce818bd6b973ad02ee2b4b20d3') in 0.0225888 seconds
Number of updated asset objects reloaded before import = 0Number of asset objects unloaded after import = 3

========================================================================
Received Import Request.
  Time since last request: 0.000027 seconds.
  path: Assets/Dark UI/Free/Shop.png
  artifactKey: Guid(18faf426d460ece49970252ef5e8a56d) Importer(815301076,1909f56bfc062723c751e8b465ee728b)
Start importing Assets/Dark UI/Free/Shop.png using Guid(18faf426d460ece49970252ef5e8a56d) Importer(815301076,1909f56bfc062723c751e8b465ee728b) (PreviewImporter) -> (artifact id: '34e9c1ab54a85c7aaab41cdb3732ebe6') in 0.0208733 seconds
Number of updated asset objects reloaded before import = 0Number of asset objects unloaded after import = 3

========================================================================
Received Import Request.
  Time since last request: 0.000035 seconds.
  path: Assets/Dark UI/Free/Messages.png
  artifactKey: Guid(dd8c6245ee19b2345ba3c0ce722a32c0) Importer(815301076,1909f56bfc062723c751e8b465ee728b)
Start importing Assets/Dark UI/Free/Messages.png using Guid(dd8c6245ee19b2345ba3c0ce722a32c0) Importer(815301076,1909f56bfc062723c751e8b465ee728b) (PreviewImporter) -> (artifact id: '37765c757c116317c28411901f69ed62') in 0.0202284 seconds
Number of updated asset objects reloaded before import = 0Number of asset objects unloaded after import = 3

========================================================================
Received Import Request.
  Time since last request: 0.000021 seconds.
  path: Assets/Dark UI/Free/Coin.png
  artifactKey: Guid(2e43f0691f0d7404eae8d01381da65a0) Importer(815301076,1909f56bfc062723c751e8b465ee728b)
Start importing Assets/Dark UI/Free/Coin.png using Guid(2e43f0691f0d7404eae8d01381da65a0) Importer(815301076,1909f56bfc062723c751e8b465ee728b) (PreviewImporter) -> (artifact id: 'e8b5c4b604ad1e99375470be465a7df1') in 0.0260768 seconds
Number of updated asset objects reloaded before import = 0Number of asset objects unloaded after import = 3

========================================================================
Received Import Request.
  Time since last request: 0.000026 seconds.
  path: Assets/Dark UI/Free/Ranks.png
  artifactKey: Guid(e8433df827a81cb48bac4ebc18d1e25e) Importer(815301076,1909f56bfc062723c751e8b465ee728b)
Start importing Assets/Dark UI/Free/Ranks.png using Guid(e8433df827a81cb48bac4ebc18d1e25e) Importer(815301076,1909f56bfc062723c751e8b465ee728b) (PreviewImporter) -> (artifact id: 'baa1ef30473a04906b476f5fd6a84105') in 0.0219393 seconds
Number of updated asset objects reloaded before import = 0Number of asset objects unloaded after import = 3

========================================================================
Received Import Request.
  Time since last request: 0.000024 seconds.
  path: Assets/Dark UI/Free/Missions.png
  artifactKey: Guid(b52130bb79a23344aa8c335cecb91eb0) Importer(815301076,1909f56bfc062723c751e8b465ee728b)
Start importing Assets/Dark UI/Free/Missions.png using Guid(b52130bb79a23344aa8c335cecb91eb0) Importer(815301076,1909f56bfc062723c751e8b465ee728b) (PreviewImporter) -> (artifact id: '976b5bc12667e566b657bca8df162dd8') in 0.0225543 seconds
Number of updated asset objects reloaded before import = 0Number of asset objects unloaded after import = 3

========================================================================
Received Import Request.
  Time since last request: 0.000026 seconds.
  path: Assets/Dark UI/Free/InputField.png
  artifactKey: Guid(6cbf273c77eba1a448f3c04ff4292030) Importer(815301076,1909f56bfc062723c751e8b465ee728b)
Start importing Assets/Dark UI/Free/InputField.png using Guid(6cbf273c77eba1a448f3c04ff4292030) Importer(815301076,1909f56bfc062723c751e8b465ee728b) (PreviewImporter) -> (artifact id: 'd59d020c3f6e5a231f2b36406d2601de') in 0.024613 seconds
Number of updated asset objects reloaded before import = 0Number of asset objects unloaded after import = 3

========================================================================
Received Import Request.
  Time since last request: 0.000020 seconds.
  path: Assets/Dark UI/Free/Down BTN.png
  artifactKey: Guid(adfae103208dcfb479b198bfb03f095e) Importer(815301076,1909f56bfc062723c751e8b465ee728b)
Start importing Assets/Dark UI/Free/Down BTN.png using Guid(adfae103208dcfb479b198bfb03f095e) Importer(815301076,1909f56bfc062723c751e8b465ee728b) (PreviewImporter) -> (artifact id: '44a41ed05895d8c03d9e104c9c774530') in 0.0224378 seconds
Number of updated asset objects reloaded before import = 0Number of asset objects unloaded after import = 3

========================================================================
Received Import Request.
  Time since last request: 0.000030 seconds.
  path: Assets/Dark UI/Free/F.png
  artifactKey: Guid(0fe7093e9bd11cb43b64578a75562ba3) Importer(815301076,1909f56bfc062723c751e8b465ee728b)
Start importing Assets/Dark UI/Free/F.png using Guid(0fe7093e9bd11cb43b64578a75562ba3) Importer(815301076,1909f56bfc062723c751e8b465ee728b) (PreviewImporter) -> (artifact id: '7124b76a2ae044f5d6181c7ba51d7b8f') in 0.0249926 seconds
Number of updated asset objects reloaded before import = 0Number of asset objects unloaded after import = 3

========================================================================
Received Import Request.
  Time since last request: 0.629261 seconds.
  path: Assets/Dark UI/New Icons
  artifactKey: Guid(357334c43d1a05942a1e677f66e41403) Importer(815301076,1909f56bfc062723c751e8b465ee728b)
Start importing Assets/Dark UI/New Icons using Guid(357334c43d1a05942a1e677f66e41403) Importer(815301076,1909f56bfc062723c751e8b465ee728b) (PreviewImporter) -> (artifact id: '6fc666f91aa4cb90febbadb5cdadefdd') in 0.0006483 seconds
Number of updated asset objects reloaded before import = 0Number of asset objects unloaded after import = 0

========================================================================
Received Import Request.
  Time since last request: 0.094138 seconds.
  path: Assets/Dark UI/New Icons/PowerUp1.png
  artifactKey: Guid(ff885d2457ed2194885eb7115ae6f535) Importer(815301076,1909f56bfc062723c751e8b465ee728b)
Start importing Assets/Dark UI/New Icons/PowerUp1.png using Guid(ff885d2457ed2194885eb7115ae6f535) Importer(815301076,1909f56bfc062723c751e8b465ee728b) (PreviewImporter) -> (artifact id: 'bb334cd92d3f2a4bd30ab1f461414e2e') in 0.0218475 seconds
Number of updated asset objects reloaded before import = 0Number of asset objects unloaded after import = 3

========================================================================
Received Import Request.
  Time since last request: 0.000025 seconds.
  path: Assets/Dark UI/New Icons/White Blade 2.png
  artifactKey: Guid(a611e29c1aa703e44a41817ded85095a) Importer(815301076,1909f56bfc062723c751e8b465ee728b)
Start importing Assets/Dark UI/New Icons/White Blade 2.png using Guid(a611e29c1aa703e44a41817ded85095a) Importer(815301076,1909f56bfc062723c751e8b465ee728b) (PreviewImporter) -> (artifact id: '9a1ad022fe83e110d0148ce4f5d93bc1') in 0.0223093 seconds
Number of updated asset objects reloaded before import = 0Number of asset objects unloaded after import = 3

========================================================================
Received Import Request.
  Time since last request: 0.000099 seconds.
  path: Assets/Dark UI/New Icons/White Cart.png
  artifactKey: Guid(6deaf70bacb4af947ada22b1a3f15592) Importer(815301076,1909f56bfc062723c751e8b465ee728b)
Start importing Assets/Dark UI/New Icons/White Cart.png using Guid(6deaf70bacb4af947ada22b1a3f15592) Importer(815301076,1909f56bfc062723c751e8b465ee728b) (PreviewImporter) -> (artifact id: '339fb2c15fff12f7ef710e4078b0ee89') in 0.0247906 seconds
Number of updated asset objects reloaded before import = 0Number of asset objects unloaded after import = 3

========================================================================
Received Import Request.
  Time since last request: 0.000032 seconds.
  path: Assets/Dark UI/New Icons/White Click.png
  artifactKey: Guid(cde92da782a3fa24985de86cf32bd393) Importer(815301076,1909f56bfc062723c751e8b465ee728b)
Start importing Assets/Dark UI/New Icons/White Click.png using Guid(cde92da782a3fa24985de86cf32bd393) Importer(815301076,1909f56bfc062723c751e8b465ee728b) (PreviewImporter) -> (artifact id: 'd92aca67002cc39c9d034504879405eb') in 0.0196967 seconds
Number of updated asset objects reloaded before import = 0Number of asset objects unloaded after import = 3

========================================================================
Received Import Request.
  Time since last request: 0.000026 seconds.
  path: Assets/Dark UI/New Icons/White Chat 4.png
  artifactKey: Guid(c72f41e83b785ec43adb5d5908fadf6f) Importer(815301076,1909f56bfc062723c751e8b465ee728b)
Start importing Assets/Dark UI/New Icons/White Chat 4.png using Guid(c72f41e83b785ec43adb5d5908fadf6f) Importer(815301076,1909f56bfc062723c751e8b465ee728b) (PreviewImporter) -> (artifact id: 'dc64810180c26aa6aaac258ea99ebe7c') in 0.0244359 seconds
Number of updated asset objects reloaded before import = 0Number of asset objects unloaded after import = 3

========================================================================
Received Import Request.
  Time since last request: 0.000022 seconds.
  path: Assets/Dark UI/New Icons/White Cauldron.png
  artifactKey: Guid(374ee4817f286c24e882fd171babbb73) Importer(815301076,1909f56bfc062723c751e8b465ee728b)
Start importing Assets/Dark UI/New Icons/White Cauldron.png using Guid(374ee4817f286c24e882fd171babbb73) Importer(815301076,1909f56bfc062723c751e8b465ee728b) (PreviewImporter) -> (artifact id: '7ad8cb70628ba2997db935058967a099') in 0.0253258 seconds
Number of updated asset objects reloaded before import = 0Number of asset objects unloaded after import = 3

========================================================================
Received Import Request.
  Time since last request: 0.000034 seconds.
  path: Assets/Dark UI/New Icons/White At.png
  artifactKey: Guid(f37834c3005a09347b8a3051f871c9f8) Importer(815301076,1909f56bfc062723c751e8b465ee728b)
Start importing Assets/Dark UI/New Icons/White At.png using Guid(f37834c3005a09347b8a3051f871c9f8) Importer(815301076,1909f56bfc062723c751e8b465ee728b) (PreviewImporter) -> (artifact id: 'fbfd2ff6e7e8b3e865f3b1cc63a270d3') in 0.0232737 seconds
Number of updated asset objects reloaded before import = 0Number of asset objects unloaded after import = 3

========================================================================
Received Import Request.
  Time since last request: 0.000029 seconds.
  path: Assets/Dark UI/New Icons/White Calendar 3.png
  artifactKey: Guid(792261754adee9747834fb72863c16a7) Importer(815301076,1909f56bfc062723c751e8b465ee728b)
Start importing Assets/Dark UI/New Icons/White Calendar 3.png using Guid(792261754adee9747834fb72863c16a7) Importer(815301076,1909f56bfc062723c751e8b465ee728b) (PreviewImporter) -> (artifact id: '21911c22d8c602356c45ed7c4949ab9e') in 0.0258451 seconds
Number of updated asset objects reloaded before import = 0Number of asset objects unloaded after import = 3

========================================================================
Received Import Request.
  Time since last request: 0.000035 seconds.
  path: Assets/Dark UI/New Icons/White Alarm 2.png
  artifactKey: Guid(8bc5f3314f9c4ab40bc4f83e50c6b997) Importer(815301076,1909f56bfc062723c751e8b465ee728b)
Start importing Assets/Dark UI/New Icons/White Alarm 2.png using Guid(8bc5f3314f9c4ab40bc4f83e50c6b997) Importer(815301076,1909f56bfc062723c751e8b465ee728b) (PreviewImporter) -> (artifact id: '66fb81067dd1a8956baff2caf1c4c51e') in 0.0223672 seconds
Number of updated asset objects reloaded before import = 0Number of asset objects unloaded after import = 3

========================================================================
Received Import Request.
  Time since last request: 0.000035 seconds.
  path: Assets/Dark UI/New Icons/White Blade 3.png
  artifactKey: Guid(675b4c7eb4ac83c43b39af77b9a67ce1) Importer(815301076,1909f56bfc062723c751e8b465ee728b)
Start importing Assets/Dark UI/New Icons/White Blade 3.png using Guid(675b4c7eb4ac83c43b39af77b9a67ce1) Importer(815301076,1909f56bfc062723c751e8b465ee728b) (PreviewImporter) -> (artifact id: 'd98e203866b497eb03f74ae27cd0891c') in 0.0231689 seconds
Number of updated asset objects reloaded before import = 0Number of asset objects unloaded after import = 3

========================================================================
Received Import Request.
  Time since last request: 0.000025 seconds.
  path: Assets/Dark UI/New Icons/White Alarm.png
  artifactKey: Guid(aaed792cdbe901b43bdd4ea9b4ddf883) Importer(815301076,1909f56bfc062723c751e8b465ee728b)
Start importing Assets/Dark UI/New Icons/White Alarm.png using Guid(aaed792cdbe901b43bdd4ea9b4ddf883) Importer(815301076,1909f56bfc062723c751e8b465ee728b) (PreviewImporter) -> (artifact id: 'ca09919106ae37ce246ade20ff0629be') in 0.0243133 seconds
Number of updated asset objects reloaded before import = 0Number of asset objects unloaded after import = 3

========================================================================
Received Import Request.
  Time since last request: 0.000023 seconds.
  path: Assets/Dark UI/New Icons/White Battery Full.png
  artifactKey: Guid(692c00569b804d349b00445f08239980) Importer(815301076,1909f56bfc062723c751e8b465ee728b)
Start importing Assets/Dark UI/New Icons/White Battery Full.png using Guid(692c00569b804d349b00445f08239980) Importer(815301076,1909f56bfc062723c751e8b465ee728b) (PreviewImporter) -> (artifact id: '1a67694f1eeb0743293131b65eab28d2') in 0.0225404 seconds
Number of updated asset objects reloaded before import = 0Number of asset objects unloaded after import = 3

========================================================================
Received Import Request.
  Time since last request: 0.000023 seconds.
  path: Assets/Dark UI/New Icons/White Add.png
  artifactKey: Guid(4e3c49dc98f8a444ab28337dac1f094b) Importer(815301076,1909f56bfc062723c751e8b465ee728b)
Start importing Assets/Dark UI/New Icons/White Add.png using Guid(4e3c49dc98f8a444ab28337dac1f094b) Importer(815301076,1909f56bfc062723c751e8b465ee728b) (PreviewImporter) -> (artifact id: '21200b9871e90080ca2daca60c28e2fc') in 0.0251465 seconds
Number of updated asset objects reloaded before import = 0Number of asset objects unloaded after import = 3

========================================================================
Received Import Request.
  Time since last request: 0.000027 seconds.
  path: Assets/Dark UI/New Icons/White Cash Bag.png
  artifactKey: Guid(a695d1eb5d0571841a5a313b7b5295de) Importer(815301076,1909f56bfc062723c751e8b465ee728b)
Start importing Assets/Dark UI/New Icons/White Cash Bag.png using Guid(a695d1eb5d0571841a5a313b7b5295de) Importer(815301076,1909f56bfc062723c751e8b465ee728b) (PreviewImporter) -> (artifact id: 'ad3aa5a074cf6f01d0223d376b9f461b') in 0.0242372 seconds
Number of updated asset objects reloaded before import = 0Number of asset objects unloaded after import = 3

========================================================================
Received Import Request.
  Time since last request: 0.000024 seconds.
  path: Assets/Dark UI/New Icons/White Boots 1.png
  artifactKey: Guid(bc4a2c6bdce59a94eb0d6bb7a135043e) Importer(815301076,1909f56bfc062723c751e8b465ee728b)
Start importing Assets/Dark UI/New Icons/White Boots 1.png using Guid(bc4a2c6bdce59a94eb0d6bb7a135043e) Importer(815301076,1909f56bfc062723c751e8b465ee728b) (PreviewImporter) -> (artifact id: 'd0ebc90f6fd500353446e9a411ae83fb') in 0.0236141 seconds
Number of updated asset objects reloaded before import = 0Number of asset objects unloaded after import = 3

========================================================================
Received Import Request.
  Time since last request: 0.000019 seconds.
  path: Assets/Dark UI/New Icons/White Anchor.png
  artifactKey: Guid(5ac1f56673bd69f40b2a72c9679ffd1d) Importer(815301076,1909f56bfc062723c751e8b465ee728b)
Start importing Assets/Dark UI/New Icons/White Anchor.png using Guid(5ac1f56673bd69f40b2a72c9679ffd1d) Importer(815301076,1909f56bfc062723c751e8b465ee728b) (PreviewImporter) -> (artifact id: '058361bb76a2cfe8937cc5adafd992b8') in 0.0256517 seconds
Number of updated asset objects reloaded before import = 0Number of asset objects unloaded after import = 3

========================================================================
Received Import Request.
  Time since last request: 0.000023 seconds.
  path: Assets/Dark UI/New Icons/White Alert.png
  artifactKey: Guid(17f42810d27567f4d990696a7c399fd1) Importer(815301076,1909f56bfc062723c751e8b465ee728b)
Start importing Assets/Dark UI/New Icons/White Alert.png using Guid(17f42810d27567f4d990696a7c399fd1) Importer(815301076,1909f56bfc062723c751e8b465ee728b) (PreviewImporter) -> (artifact id: '2f1a4dbb79c7fabc41ceac6b04903663') in 0.0238957 seconds
Number of updated asset objects reloaded before import = 0Number of asset objects unloaded after import = 3

========================================================================
Received Import Request.
  Time since last request: 0.000028 seconds.
  path: Assets/Dark UI/New Icons/White Bow.png
  artifactKey: Guid(9031ddff7d13d6c4fad61bb77e53414f) Importer(815301076,1909f56bfc062723c751e8b465ee728b)
Start importing Assets/Dark UI/New Icons/White Bow.png using Guid(9031ddff7d13d6c4fad61bb77e53414f) Importer(815301076,1909f56bfc062723c751e8b465ee728b) (PreviewImporter) -> (artifact id: '3bb4e3c85bc79f4a03a08f491696eb21') in 0.0231798 seconds
Number of updated asset objects reloaded before import = 0Number of asset objects unloaded after import = 3

========================================================================
Received Import Request.
  Time since last request: 0.000044 seconds.
  path: Assets/Dark UI/New Icons/White Castle 1.png
  artifactKey: Guid(ae8612789069f1e499e237f945c66b29) Importer(815301076,1909f56bfc062723c751e8b465ee728b)
Start importing Assets/Dark UI/New Icons/White Castle 1.png using Guid(ae8612789069f1e499e237f945c66b29) Importer(815301076,1909f56bfc062723c751e8b465ee728b) (PreviewImporter) -> (artifact id: '1f9e989eb938cb6091b1e264960f3381') in 0.0245971 seconds
Number of updated asset objects reloaded before import = 0Number of asset objects unloaded after import = 3

========================================================================
Received Import Request.
  Time since last request: 0.000031 seconds.
  path: Assets/Dark UI/New Icons/White Battery Storage.png
  artifactKey: Guid(213a7b64eaee46e4b89efefe49d383de) Importer(815301076,1909f56bfc062723c751e8b465ee728b)
Start importing Assets/Dark UI/New Icons/White Battery Storage.png using Guid(213a7b64eaee46e4b89efefe49d383de) Importer(815301076,1909f56bfc062723c751e8b465ee728b) (PreviewImporter) -> (artifact id: '2ed6e8749739b812ca56a7391b1b61fb') in 0.0249796 seconds
Number of updated asset objects reloaded before import = 0Number of asset objects unloaded after import = 3

========================================================================
Received Import Request.
  Time since last request: 0.000024 seconds.
  path: Assets/Dark UI/New Icons/White Calculator.png
  artifactKey: Guid(637e2bac5ed5f77469f74b9f33504f0d) Importer(815301076,1909f56bfc062723c751e8b465ee728b)
Start importing Assets/Dark UI/New Icons/White Calculator.png using Guid(637e2bac5ed5f77469f74b9f33504f0d) Importer(815301076,1909f56bfc062723c751e8b465ee728b) (PreviewImporter) -> (artifact id: '962db6912b3c597e0ab79be7d5dd771c') in 0.0226569 seconds
Number of updated asset objects reloaded before import = 0Number of asset objects unloaded after import = 3

========================================================================
Received Import Request.
  Time since last request: 0.000036 seconds.
  path: Assets/Dark UI/New Icons/White Anvil.png
  artifactKey: Guid(3f74aec16809b204a9aa421fa2f77723) Importer(815301076,1909f56bfc062723c751e8b465ee728b)
Start importing Assets/Dark UI/New Icons/White Anvil.png using Guid(3f74aec16809b204a9aa421fa2f77723) Importer(815301076,1909f56bfc062723c751e8b465ee728b) (PreviewImporter) -> (artifact id: '70812e6b1dee44473d5ed287a093f375') in 0.0238571 seconds
Number of updated asset objects reloaded before import = 0Number of asset objects unloaded after import = 3

========================================================================
Received Import Request.
  Time since last request: 0.000023 seconds.
  path: Assets/Dark UI/New Icons/White Axe 3.png
  artifactKey: Guid(e700f7a0eba57f64f93a406ee67dff41) Importer(815301076,1909f56bfc062723c751e8b465ee728b)
Start importing Assets/Dark UI/New Icons/White Axe 3.png using Guid(e700f7a0eba57f64f93a406ee67dff41) Importer(815301076,1909f56bfc062723c751e8b465ee728b) (PreviewImporter) -> (artifact id: '62a3303cf881088a05e10c6e7094e200') in 0.0255092 seconds
Number of updated asset objects reloaded before import = 0Number of asset objects unloaded after import = 3

========================================================================
Received Import Request.
  Time since last request: 0.000029 seconds.
  path: Assets/Dark UI/New Icons/White Castle 2.png
  artifactKey: Guid(8594eda5bcbfff046a1f1c4c793a03e5) Importer(815301076,1909f56bfc062723c751e8b465ee728b)
Start importing Assets/Dark UI/New Icons/White Castle 2.png using Guid(8594eda5bcbfff046a1f1c4c793a03e5) Importer(815301076,1909f56bfc062723c751e8b465ee728b) (PreviewImporter) -> (artifact id: 'ff795d24f964fe0ffc7383b1f3f2ff71') in 0.0275911 seconds
Number of updated asset objects reloaded before import = 0Number of asset objects unloaded after import = 3

========================================================================
Received Import Request.
  Time since last request: 0.000069 seconds.
  path: Assets/Dark UI/New Icons/White Banner.png
  artifactKey: Guid(d049d405e9ee26b4aa2e095359ad416f) Importer(815301076,1909f56bfc062723c751e8b465ee728b)
Start importing Assets/Dark UI/New Icons/White Banner.png using Guid(d049d405e9ee26b4aa2e095359ad416f) Importer(815301076,1909f56bfc062723c751e8b465ee728b) (PreviewImporter) -> (artifact id: '0e542df6f56ce0a411986b1876b5bf36') in 0.0241021 seconds
Number of updated asset objects reloaded before import = 0Number of asset objects unloaded after import = 3

========================================================================
Received Import Request.
  Time since last request: 0.000021 seconds.
  path: Assets/Dark UI/New Icons/White Bag 1.png
  artifactKey: Guid(b36b4b90183aad44992a0f3ba8e36764) Importer(815301076,1909f56bfc062723c751e8b465ee728b)
Start importing Assets/Dark UI/New Icons/White Bag 1.png using Guid(b36b4b90183aad44992a0f3ba8e36764) Importer(815301076,1909f56bfc062723c751e8b465ee728b) (PreviewImporter) -> (artifact id: '91e4a40242c6f7882266e7a1f53b12b8') in 0.0257359 seconds
Number of updated asset objects reloaded before import = 0Number of asset objects unloaded after import = 3

========================================================================
Received Import Request.
  Time since last request: 0.000051 seconds.
  path: Assets/Dark UI/New Icons/White Armor.png
  artifactKey: Guid(0161855221fea1d4a838fa168e345120) Importer(815301076,1909f56bfc062723c751e8b465ee728b)
Start importing Assets/Dark UI/New Icons/White Armor.png using Guid(0161855221fea1d4a838fa168e345120) Importer(815301076,1909f56bfc062723c751e8b465ee728b) (PreviewImporter) -> (artifact id: 'a29e3197b73b6febd6dbcf87531d077f') in 0.0250002 seconds
Number of updated asset objects reloaded before import = 0Number of asset objects unloaded after import = 3

========================================================================
Received Import Request.
  Time since last request: 0.000031 seconds.
  path: Assets/Dark UI/New Icons/White Blade 1.png
  artifactKey: Guid(f2c6f216748c23e48844cac363144790) Importer(815301076,1909f56bfc062723c751e8b465ee728b)
Start importing Assets/Dark UI/New Icons/White Blade 1.png using Guid(f2c6f216748c23e48844cac363144790) Importer(815301076,1909f56bfc062723c751e8b465ee728b) (PreviewImporter) -> (artifact id: '60cc3ba35258e1fa10fa46b99f05deb7') in 0.0252365 seconds
Number of updated asset objects reloaded before import = 0Number of asset objects unloaded after import = 3

========================================================================
Received Import Request.
  Time since last request: 0.000024 seconds.
  path: Assets/Dark UI/New Icons/White Bomb.png
  artifactKey: Guid(bb22a3ee8ce32a140a724d2eb5228c19) Importer(815301076,1909f56bfc062723c751e8b465ee728b)
Start importing Assets/Dark UI/New Icons/White Bomb.png using Guid(bb22a3ee8ce32a140a724d2eb5228c19) Importer(815301076,1909f56bfc062723c751e8b465ee728b) (PreviewImporter) -> (artifact id: '33066f143facb5179fdec11fda3809ab') in 0.0252896 seconds
Number of updated asset objects reloaded before import = 0Number of asset objects unloaded after import = 3

========================================================================
Received Import Request.
  Time since last request: 0.000024 seconds.
  path: Assets/Dark UI/New Icons/White Arrow.png
  artifactKey: Guid(e20aa8671589f494fb5b1f00ecdc2dd4) Importer(815301076,1909f56bfc062723c751e8b465ee728b)
Start importing Assets/Dark UI/New Icons/White Arrow.png using Guid(e20aa8671589f494fb5b1f00ecdc2dd4) Importer(815301076,1909f56bfc062723c751e8b465ee728b) (PreviewImporter) -> (artifact id: '6192c93d4cc17a6db1fd81000ff7d932') in 0.023645 seconds
Number of updated asset objects reloaded before import = 0Number of asset objects unloaded after import = 3

========================================================================
Received Import Request.
  Time since last request: 0.000026 seconds.
  path: Assets/Dark UI/New Icons/White AddFriend.png
  artifactKey: Guid(3f07c11b6e18cf343a9925d1b80d287d) Importer(815301076,1909f56bfc062723c751e8b465ee728b)
Start importing Assets/Dark UI/New Icons/White AddFriend.png using Guid(3f07c11b6e18cf343a9925d1b80d287d) Importer(815301076,1909f56bfc062723c751e8b465ee728b) (PreviewImporter) -> (artifact id: 'cbd6f8604fcbd1de5ba426b43bc744b3') in 0.022856 seconds
Number of updated asset objects reloaded before import = 0Number of asset objects unloaded after import = 3

========================================================================
Received Import Request.
  Time since last request: 0.000054 seconds.
  path: Assets/Dark UI/New Icons/White Battery Half.png
  artifactKey: Guid(f02e31639847b0645ae4fbdf08aa5d88) Importer(815301076,1909f56bfc062723c751e8b465ee728b)
Start importing Assets/Dark UI/New Icons/White Battery Half.png using Guid(f02e31639847b0645ae4fbdf08aa5d88) Importer(815301076,1909f56bfc062723c751e8b465ee728b) (PreviewImporter) -> (artifact id: 'f283d168830999c701d830d09cb35113') in 0.021058 seconds
Number of updated asset objects reloaded before import = 0Number of asset objects unloaded after import = 3

========================================================================
Received Import Request.
  Time since last request: 0.000024 seconds.
  path: Assets/Dark UI/New Icons/White Backward.png
  artifactKey: Guid(b6602d0c6419ec54eab44dbd00d87542) Importer(815301076,1909f56bfc062723c751e8b465ee728b)
Start importing Assets/Dark UI/New Icons/White Backward.png using Guid(b6602d0c6419ec54eab44dbd00d87542) Importer(815301076,1909f56bfc062723c751e8b465ee728b) (PreviewImporter) -> (artifact id: 'aa14503234db85bdb73aa75e664480e1') in 0.0267319 seconds
Number of updated asset objects reloaded before import = 0Number of asset objects unloaded after import = 3

========================================================================
Received Import Request.
  Time since last request: 0.000021 seconds.
  path: Assets/Dark UI/New Icons/White Book 2.png
  artifactKey: Guid(5ea1ffbecffd6a04e82643fd90ae1e6e) Importer(815301076,1909f56bfc062723c751e8b465ee728b)
Start importing Assets/Dark UI/New Icons/White Book 2.png using Guid(5ea1ffbecffd6a04e82643fd90ae1e6e) Importer(815301076,1909f56bfc062723c751e8b465ee728b) (PreviewImporter) -> (artifact id: '8351d20a57ed6721656d29d67cbcb9ff') in 0.0223234 seconds
Number of updated asset objects reloaded before import = 0Number of asset objects unloaded after import = 3

========================================================================
Received Import Request.
  Time since last request: 0.000025 seconds.
  path: Assets/Dark UI/New Icons/White Basket.png
  artifactKey: Guid(57c36934de3bd6349b82cd9525de5bb3) Importer(815301076,1909f56bfc062723c751e8b465ee728b)
Start importing Assets/Dark UI/New Icons/White Basket.png using Guid(57c36934de3bd6349b82cd9525de5bb3) Importer(815301076,1909f56bfc062723c751e8b465ee728b) (PreviewImporter) -> (artifact id: '376b19d9cfa0121275cfaf175c10b70d') in 0.0218882 seconds
Number of updated asset objects reloaded before import = 0Number of asset objects unloaded after import = 3

========================================================================
Received Import Request.
  Time since last request: 0.917293 seconds.
  path: Assets/Dark UI/Prefabs Buttons
  artifactKey: Guid(717418137d07a0041b9d5873e637f4bc) Importer(815301076,1909f56bfc062723c751e8b465ee728b)
Start importing Assets/Dark UI/Prefabs Buttons using Guid(717418137d07a0041b9d5873e637f4bc) Importer(815301076,1909f56bfc062723c751e8b465ee728b) (PreviewImporter) -> (artifact id: '05c0a437f38d4d8848a4e5b6d08d998f') in 0.0006702 seconds
Number of updated asset objects reloaded before import = 0Number of asset objects unloaded after import = 0

========================================================================
Received Import Request.
  Time since last request: 0.092205 seconds.
  path: Assets/Dark UI/Prefabs Buttons/Close Button.prefab
  artifactKey: Guid(363f1e424d5e7fa40b7181fc5586a869) Importer(815301076,1909f56bfc062723c751e8b465ee728b)
Start importing Assets/Dark UI/Prefabs Buttons/Close Button.prefab using Guid(363f1e424d5e7fa40b7181fc5586a869) Importer(815301076,1909f56bfc062723c751e8b465ee728b) (PreviewImporter) -> (artifact id: 'e4de6b8db10663fd29d12860509cb381') in 0.0153823 seconds
Number of updated asset objects reloaded before import = 0Number of asset objects unloaded after import = 13

========================================================================
Received Import Request.
  Time since last request: 0.000019 seconds.
  path: Assets/Dark UI/Prefabs Buttons/Music.prefab
  artifactKey: Guid(ab21d8b2955e7214da58a9623ed6830c) Importer(815301076,1909f56bfc062723c751e8b465ee728b)
Start importing Assets/Dark UI/Prefabs Buttons/Music.prefab using Guid(ab21d8b2955e7214da58a9623ed6830c) Importer(815301076,1909f56bfc062723c751e8b465ee728b) (PreviewImporter) -> (artifact id: 'a324e7dba715e0042e30793be6ec12e6') in 0.0069941 seconds
Number of updated asset objects reloaded before import = 0Number of asset objects unloaded after import = 32

========================================================================
Received Import Request.
  Time since last request: 0.000088 seconds.
  path: Assets/Dark UI/Prefabs Buttons/Shop.prefab
  artifactKey: Guid(8e718c86e1a7ee644bc43222ab08b2e1) Importer(815301076,1909f56bfc062723c751e8b465ee728b)
Start importing Assets/Dark UI/Prefabs Buttons/Shop.prefab using Guid(8e718c86e1a7ee644bc43222ab08b2e1) Importer(815301076,1909f56bfc062723c751e8b465ee728b) (PreviewImporter) -> (artifact id: '528bdc2cabd09f2bd1c80ad0d61859d7') in 0.0034305 seconds
Number of updated asset objects reloaded before import = 0Number of asset objects unloaded after import = 8

========================================================================
Received Import Request.
  Time since last request: 0.000026 seconds.
  path: Assets/Dark UI/Prefabs Buttons/Sound.prefab
  artifactKey: Guid(d947ddc741aa3a6449282c7c95088032) Importer(815301076,1909f56bfc062723c751e8b465ee728b)
Start importing Assets/Dark UI/Prefabs Buttons/Sound.prefab using Guid(d947ddc741aa3a6449282c7c95088032) Importer(815301076,1909f56bfc062723c751e8b465ee728b) (PreviewImporter) -> (artifact id: '2e2cb1a3804c029c4a5d7f7d733c185f') in 0.0044816 seconds
Number of updated asset objects reloaded before import = 0Number of asset objects unloaded after import = 32

========================================================================
Received Import Request.
  Time since last request: 0.000027 seconds.
  path: Assets/Dark UI/Prefabs Buttons/Info Button.prefab
  artifactKey: Guid(54438c6f0e116ac4eb3b7f02368e4ccc) Importer(815301076,1909f56bfc062723c751e8b465ee728b)
Start importing Assets/Dark UI/Prefabs Buttons/Info Button.prefab using Guid(54438c6f0e116ac4eb3b7f02368e4ccc) Importer(815301076,1909f56bfc062723c751e8b465ee728b) (PreviewImporter) -> (artifact id: 'd8a4183dbd7035f5ab6edff28b60a22e') in 0.0029113 seconds
Number of updated asset objects reloaded before import = 0Number of asset objects unloaded after import = 12

========================================================================
Received Import Request.
  Time since last request: 0.000035 seconds.
  path: Assets/Dark UI/Prefabs Buttons/Send Hearts BTN.prefab
  artifactKey: Guid(b8c0210eb1b69384582a552cf8f93406) Importer(815301076,1909f56bfc062723c751e8b465ee728b)
Start importing Assets/Dark UI/Prefabs Buttons/Send Hearts BTN.prefab using Guid(b8c0210eb1b69384582a552cf8f93406) Importer(815301076,1909f56bfc062723c751e8b465ee728b) (PreviewImporter) -> (artifact id: '52dfc20d6cf591777abedb4115567cc2') in 0.0063376 seconds
Number of updated asset objects reloaded before import = 0Number of asset objects unloaded after import = 17

========================================================================
Received Import Request.
  Time since last request: 0.000029 seconds.
  path: Assets/Dark UI/Prefabs Buttons/Inventory Button.prefab
  artifactKey: Guid(767d54a212d487e4b810ed9a97bdb865) Importer(815301076,1909f56bfc062723c751e8b465ee728b)
Start importing Assets/Dark UI/Prefabs Buttons/Inventory Button.prefab using Guid(767d54a212d487e4b810ed9a97bdb865) Importer(815301076,1909f56bfc062723c751e8b465ee728b) (PreviewImporter) -> (artifact id: 'f536d7d07ecb0203960dd1ca93d76c99') in 0.0032894 seconds
Number of updated asset objects reloaded before import = 0Number of asset objects unloaded after import = 12

========================================================================
Received Import Request.
  Time since last request: 0.000027 seconds.
  path: Assets/Dark UI/Prefabs Buttons/Missions Button.prefab
  artifactKey: Guid(a6d2d0815e8bd9846afeb0205f0f5ea6) Importer(815301076,1909f56bfc062723c751e8b465ee728b)
Start importing Assets/Dark UI/Prefabs Buttons/Missions Button.prefab using Guid(a6d2d0815e8bd9846afeb0205f0f5ea6) Importer(815301076,1909f56bfc062723c751e8b465ee728b) (PreviewImporter) -> (artifact id: '5a5aa8a143f4c35c06c0c3f81ffae692') in 0.0042443 seconds
Number of updated asset objects reloaded before import = 0Number of asset objects unloaded after import = 12

========================================================================
Received Import Request.
  Time since last request: 0.000030 seconds.
  path: Assets/Dark UI/Prefabs Buttons/Settings Button.prefab
  artifactKey: Guid(c996fd272fe74104f85efe41552eb389) Importer(815301076,1909f56bfc062723c751e8b465ee728b)
Start importing Assets/Dark UI/Prefabs Buttons/Settings Button.prefab using Guid(c996fd272fe74104f85efe41552eb389) Importer(815301076,1909f56bfc062723c751e8b465ee728b) (PreviewImporter) -> (artifact id: 'bebb3e44aa056cffe7f52e5346f93e95') in 0.0026652 seconds
Number of updated asset objects reloaded before import = 0Number of asset objects unloaded after import = 8

========================================================================
Received Import Request.
  Time since last request: 1.737667 seconds.
  path: Assets/Dark UI/Prefabs Panel
  artifactKey: Guid(6fb2f256455c7844a8b90772bfcfefe4) Importer(815301076,1909f56bfc062723c751e8b465ee728b)
Start importing Assets/Dark UI/Prefabs Panel using Guid(6fb2f256455c7844a8b90772bfcfefe4) Importer(815301076,1909f56bfc062723c751e8b465ee728b) (PreviewImporter) -> (artifact id: 'b0189416d6bc60820f2279d4c7e36229') in 0.0007254 seconds
Number of updated asset objects reloaded before import = 0Number of asset objects unloaded after import = 0

========================================================================
Received Import Request.
  Time since last request: 0.084454 seconds.
  path: Assets/Dark UI/Prefabs Panel/Facebook Login.prefab
  artifactKey: Guid(e2541b822c0a4a5438b4f733059d8286) Importer(815301076,1909f56bfc062723c751e8b465ee728b)
Start importing Assets/Dark UI/Prefabs Panel/Facebook Login.prefab using Guid(e2541b822c0a4a5438b4f733059d8286) Importer(815301076,1909f56bfc062723c751e8b465ee728b) (PreviewImporter) -> (artifact id: 'afb444ddecd2a53171c0f8ea70bd7ce1') in 0.0102516 seconds
Number of updated asset objects reloaded before import = 0Number of asset objects unloaded after import = 72

========================================================================
Received Import Request.
  Time since last request: 0.000019 seconds.
  path: Assets/Dark UI/Prefabs Panel/Ranking.prefab
  artifactKey: Guid(eb6a70d5d0019934d9b19badc9144ac5) Importer(815301076,1909f56bfc062723c751e8b465ee728b)
Start importing Assets/Dark UI/Prefabs Panel/Ranking.prefab using Guid(eb6a70d5d0019934d9b19badc9144ac5) Importer(815301076,1909f56bfc062723c751e8b465ee728b) (PreviewImporter) -> (artifact id: '63b5cd556921b66ae875d12a79f80cef') in 0.0178301 seconds
Number of updated asset objects reloaded before import = 0Number of asset objects unloaded after import = 356

========================================================================
Received Import Request.
  Time since last request: 0.000029 seconds.
  path: Assets/Dark UI/Prefabs Panel/Shop.prefab
  artifactKey: Guid(686e6f1ff32dc7d4793bde86c1863b58) Importer(815301076,1909f56bfc062723c751e8b465ee728b)
Start importing Assets/Dark UI/Prefabs Panel/Shop.prefab using Guid(686e6f1ff32dc7d4793bde86c1863b58) Importer(815301076,1909f56bfc062723c751e8b465ee728b) (PreviewImporter) -> (artifact id: '38e7b1570b01beadf1e8a48363898c35') in 0.0071177 seconds
Number of updated asset objects reloaded before import = 0Number of asset objects unloaded after import = 188

========================================================================
Received Import Request.
  Time since last request: 0.000025 seconds.
  path: Assets/Dark UI/Prefabs Panel/Settings.prefab
  artifactKey: Guid(f9388a690e3af3a4eb91e6679ea0affd) Importer(815301076,1909f56bfc062723c751e8b465ee728b)
Start importing Assets/Dark UI/Prefabs Panel/Settings.prefab using Guid(f9388a690e3af3a4eb91e6679ea0affd) Importer(815301076,1909f56bfc062723c751e8b465ee728b) (PreviewImporter) -> (artifact id: 'b835a6ee767cd7207025255c214dba66') in 0.0120676 seconds
Number of updated asset objects reloaded before import = 0Number of asset objects unloaded after import = 147

========================================================================
Received Import Request.
  Time since last request: 25.451077 seconds.
  path: Assets/Dark UI/New Icons/White Close.png
  artifactKey: Guid(9054dc5711d27884a90b3ef076f6d3d4) Importer(815301076,1909f56bfc062723c751e8b465ee728b)
Start importing Assets/Dark UI/New Icons/White Close.png using Guid(9054dc5711d27884a90b3ef076f6d3d4) Importer(815301076,1909f56bfc062723c751e8b465ee728b) (PreviewImporter) -> (artifact id: 'eaa24e88d09747230c6d60deb7d464b8') in 0.0225968 seconds
Number of updated asset objects reloaded before import = 0Number of asset objects unloaded after import = 3

========================================================================
Received Import Request.
  Time since last request: 0.000098 seconds.
  path: Assets/Dark UI/New Icons/White Crown 2.png
  artifactKey: Guid(4fad12f9cb197e342928d1584051b58b) Importer(815301076,1909f56bfc062723c751e8b465ee728b)
Start importing Assets/Dark UI/New Icons/White Crown 2.png using Guid(4fad12f9cb197e342928d1584051b58b) Importer(815301076,1909f56bfc062723c751e8b465ee728b) (PreviewImporter) -> (artifact id: '02e4a3f4be1556209968501cf759a6da') in 0.0307879 seconds
Number of updated asset objects reloaded before import = 0Number of asset objects unloaded after import = 3

========================================================================
Received Import Request.
  Time since last request: 0.000027 seconds.
  path: Assets/Dark UI/New Icons/White Cross.png
  artifactKey: Guid(2f7e81f4616095a40b3309b8b577af15) Importer(815301076,1909f56bfc062723c751e8b465ee728b)
Start importing Assets/Dark UI/New Icons/White Cross.png using Guid(2f7e81f4616095a40b3309b8b577af15) Importer(815301076,1909f56bfc062723c751e8b465ee728b) (PreviewImporter) -> (artifact id: '748f0e70ffd788bdc26f944c0931d67c') in 0.0207965 seconds
Number of updated asset objects reloaded before import = 0Number of asset objects unloaded after import = 3

========================================================================
Received Import Request.
  Time since last request: 0.000037 seconds.
  path: Assets/Dark UI/New Icons/White Cross Swords.png
  artifactKey: Guid(3913229a660ff0f4e842bbb278a76672) Importer(815301076,1909f56bfc062723c751e8b465ee728b)
Start importing Assets/Dark UI/New Icons/White Cross Swords.png using Guid(3913229a660ff0f4e842bbb278a76672) Importer(815301076,1909f56bfc062723c751e8b465ee728b) (PreviewImporter) -> (artifact id: '5d80b3657accc5e4ea832411ea57d6a7') in 0.0240862 seconds
Number of updated asset objects reloaded before import = 0Number of asset objects unloaded after import = 3

========================================================================
Received Import Request.
  Time since last request: 0.000028 seconds.
  path: Assets/Dark UI/New Icons/White Energy 2.png
  artifactKey: Guid(64d182adf2398fe478c63ba1cd15a097) Importer(815301076,1909f56bfc062723c751e8b465ee728b)
Start importing Assets/Dark UI/New Icons/White Energy 2.png using Guid(64d182adf2398fe478c63ba1cd15a097) Importer(815301076,1909f56bfc062723c751e8b465ee728b) (PreviewImporter) -> (artifact id: 'a8f9432421b33beb3ae496e19abe72f3') in 0.0394753 seconds
Number of updated asset objects reloaded before import = 0Number of asset objects unloaded after import = 3

========================================================================
Received Import Request.
  Time since last request: 0.000029 seconds.
  path: Assets/Dark UI/New Icons/White Folder 2.png
  artifactKey: Guid(7d7a478af16c6d147ad4f8f969ae50b1) Importer(815301076,1909f56bfc062723c751e8b465ee728b)
Start importing Assets/Dark UI/New Icons/White Folder 2.png using Guid(7d7a478af16c6d147ad4f8f969ae50b1) Importer(815301076,1909f56bfc062723c751e8b465ee728b) (PreviewImporter) -> (artifact id: '6cd2f22716c606e0121d19f019f5f173') in 0.0197209 seconds
Number of updated asset objects reloaded before import = 0Number of asset objects unloaded after import = 3

========================================================================
Received Import Request.
  Time since last request: 0.000026 seconds.
  path: Assets/Dark UI/New Icons/White Friends.png
  artifactKey: Guid(9e0254e4371b102419781fb0aeb42a17) Importer(815301076,1909f56bfc062723c751e8b465ee728b)
Start importing Assets/Dark UI/New Icons/White Friends.png using Guid(9e0254e4371b102419781fb0aeb42a17) Importer(815301076,1909f56bfc062723c751e8b465ee728b) (PreviewImporter) -> (artifact id: '72de51469bde188e09259239fa418d03') in 0.0221255 seconds
Number of updated asset objects reloaded before import = 0Number of asset objects unloaded after import = 3

========================================================================
Received Import Request.
  Time since last request: 0.000019 seconds.
  path: Assets/Dark UI/New Icons/White Explosion 2.png
  artifactKey: Guid(c90b04dbb696a8a4bbf77bad043ed21e) Importer(815301076,1909f56bfc062723c751e8b465ee728b)
Start importing Assets/Dark UI/New Icons/White Explosion 2.png using Guid(c90b04dbb696a8a4bbf77bad043ed21e) Importer(815301076,1909f56bfc062723c751e8b465ee728b) (PreviewImporter) -> (artifact id: '8941c05288cb39a68c818068ba3e704a') in 0.0366303 seconds
Number of updated asset objects reloaded before import = 0Number of asset objects unloaded after import = 3

========================================================================
Received Import Request.
  Time since last request: 0.000023 seconds.
  path: Assets/Dark UI/New Icons/White Globe.png
  artifactKey: Guid(a9f7b103cae6fe64dab8018e71186a2e) Importer(815301076,1909f56bfc062723c751e8b465ee728b)
Start importing Assets/Dark UI/New Icons/White Globe.png using Guid(a9f7b103cae6fe64dab8018e71186a2e) Importer(815301076,1909f56bfc062723c751e8b465ee728b) (PreviewImporter) -> (artifact id: '5caa07faa25cce96740f1a5037b688e2') in 0.0211564 seconds
Number of updated asset objects reloaded before import = 0Number of asset objects unloaded after import = 3

========================================================================
Received Import Request.
  Time since last request: 0.000031 seconds.
  path: Assets/Dark UI/New Icons/White Fire.png
  artifactKey: Guid(55a26f8ddf4bcd84ebac28cd0267311b) Importer(815301076,1909f56bfc062723c751e8b465ee728b)
Start importing Assets/Dark UI/New Icons/White Fire.png using Guid(55a26f8ddf4bcd84ebac28cd0267311b) Importer(815301076,1909f56bfc062723c751e8b465ee728b) (PreviewImporter) -> (artifact id: 'b87965f74d9ee756590115a62e6c1d7c') in 0.022826 seconds
Number of updated asset objects reloaded before import = 0Number of asset objects unloaded after import = 3

========================================================================
Received Import Request.
  Time since last request: 0.000023 seconds.
  path: Assets/Dark UI/New Icons/White Gasoline.png
  artifactKey: Guid(f0d723fbdc0a7af4ea7265a14182085a) Importer(815301076,1909f56bfc062723c751e8b465ee728b)
Start importing Assets/Dark UI/New Icons/White Gasoline.png using Guid(f0d723fbdc0a7af4ea7265a14182085a) Importer(815301076,1909f56bfc062723c751e8b465ee728b) (PreviewImporter) -> (artifact id: 'ba0fc2902e01e13be63b203be61a68c7') in 0.0224463 seconds
Number of updated asset objects reloaded before import = 0Number of asset objects unloaded after import = 3

========================================================================
Received Import Request.
  Time since last request: 0.000034 seconds.
  path: Assets/Dark UI/New Icons/White Fish 2.png
  artifactKey: Guid(4ed054b89ed50074cbc9fc2e896ab9a5) Importer(815301076,1909f56bfc062723c751e8b465ee728b)
Start importing Assets/Dark UI/New Icons/White Fish 2.png using Guid(4ed054b89ed50074cbc9fc2e896ab9a5) Importer(815301076,1909f56bfc062723c751e8b465ee728b) (PreviewImporter) -> (artifact id: '254d89c945f1c6352f9296c1169a4282') in 0.0210093 seconds
Number of updated asset objects reloaded before import = 0Number of asset objects unloaded after import = 3

========================================================================
Received Import Request.
  Time since last request: 0.000023 seconds.
  path: Assets/Dark UI/New Icons/White Expand.png
  artifactKey: Guid(07230c17de668be488c33476fe450846) Importer(815301076,1909f56bfc062723c751e8b465ee728b)
Start importing Assets/Dark UI/New Icons/White Expand.png using Guid(07230c17de668be488c33476fe450846) Importer(815301076,1909f56bfc062723c751e8b465ee728b) (PreviewImporter) -> (artifact id: '961503f63c5ecdd7038859a81273f9bf') in 0.0215491 seconds
Number of updated asset objects reloaded before import = 0Number of asset objects unloaded after import = 3

========================================================================
Received Import Request.
  Time since last request: 0.000027 seconds.
  path: Assets/Dark UI/New Icons/White Crown 1.png
  artifactKey: Guid(d46c9ba111b274d4c906685a3f86b6af) Importer(815301076,1909f56bfc062723c751e8b465ee728b)
Start importing Assets/Dark UI/New Icons/White Crown 1.png using Guid(d46c9ba111b274d4c906685a3f86b6af) Importer(815301076,1909f56bfc062723c751e8b465ee728b) (PreviewImporter) -> (artifact id: 'a3477703f1a44f577d6047ec2b0cfbac') in 0.0266597 seconds
Number of updated asset objects reloaded before import = 0Number of asset objects unloaded after import = 3

========================================================================
Received Import Request.
  Time since last request: 0.000023 seconds.
  path: Assets/Dark UI/New Icons/White Fan.png
  artifactKey: Guid(0d13b5506e82d064bb0669ff877405ab) Importer(815301076,1909f56bfc062723c751e8b465ee728b)
Start importing Assets/Dark UI/New Icons/White Fan.png using Guid(0d13b5506e82d064bb0669ff877405ab) Importer(815301076,1909f56bfc062723c751e8b465ee728b) (PreviewImporter) -> (artifact id: '11ec17079da5d7b7f99cf6fc656e52d0') in 0.0217651 seconds
Number of updated asset objects reloaded before import = 0Number of asset objects unloaded after import = 3

========================================================================
Received Import Request.
  Time since last request: 0.000026 seconds.
  path: Assets/Dark UI/New Icons/White Files.png
  artifactKey: Guid(d72d370ad78d6e64e9efcaddc7975de2) Importer(815301076,1909f56bfc062723c751e8b465ee728b)
Start importing Assets/Dark UI/New Icons/White Files.png using Guid(d72d370ad78d6e64e9efcaddc7975de2) Importer(815301076,1909f56bfc062723c751e8b465ee728b) (PreviewImporter) -> (artifact id: 'a91d31afd8ab6a2c2703daf2fb649cc3') in 0.0256014 seconds
Number of updated asset objects reloaded before import = 0Number of asset objects unloaded after import = 3

========================================================================
Received Import Request.
  Time since last request: 0.000023 seconds.
  path: Assets/Dark UI/New Icons/White Horse Shoe.png
  artifactKey: Guid(2b572e084229b8c43b8422ecc261c484) Importer(815301076,1909f56bfc062723c751e8b465ee728b)
Start importing Assets/Dark UI/New Icons/White Horse Shoe.png using Guid(2b572e084229b8c43b8422ecc261c484) Importer(815301076,1909f56bfc062723c751e8b465ee728b) (PreviewImporter) -> (artifact id: '3592fb834d2370dc3b9de7182479e00d') in 0.0264416 seconds
Number of updated asset objects reloaded before import = 0Number of asset objects unloaded after import = 3

========================================================================
Received Import Request.
  Time since last request: 0.000022 seconds.
  path: Assets/Dark UI/New Icons/White Information.png
  artifactKey: Guid(46712e23d71a3994d906c3660e5f528c) Importer(815301076,1909f56bfc062723c751e8b465ee728b)
Start importing Assets/Dark UI/New Icons/White Information.png using Guid(46712e23d71a3994d906c3660e5f528c) Importer(815301076,1909f56bfc062723c751e8b465ee728b) (PreviewImporter) -> (artifact id: 'bd00c451f95d6489fae83b47b7d6a1a0') in 0.0214015 seconds
Number of updated asset objects reloaded before import = 0Number of asset objects unloaded after import = 3

========================================================================
Received Import Request.
  Time since last request: 0.000024 seconds.
  path: Assets/Dark UI/New Icons/White Hour Glass.png
  artifactKey: Guid(db9dad1771665cb498b552f7009c4823) Importer(815301076,1909f56bfc062723c751e8b465ee728b)
Start importing Assets/Dark UI/New Icons/White Hour Glass.png using Guid(db9dad1771665cb498b552f7009c4823) Importer(815301076,1909f56bfc062723c751e8b465ee728b) (PreviewImporter) -> (artifact id: '11b923b04f0d9c1b4feb5154c58aeb54') in 0.0239566 seconds
Number of updated asset objects reloaded before import = 0Number of asset objects unloaded after import = 3

========================================================================
Received Import Request.
  Time since last request: 0.000028 seconds.
  path: Assets/Dark UI/New Icons/White Key.png
  artifactKey: Guid(e3dc68783919341458e70e2a3ed5ebc1) Importer(815301076,1909f56bfc062723c751e8b465ee728b)
Start importing Assets/Dark UI/New Icons/White Key.png using Guid(e3dc68783919341458e70e2a3ed5ebc1) Importer(815301076,1909f56bfc062723c751e8b465ee728b) (PreviewImporter) -> (artifact id: 'd1769dc67ea1927c5789446788684487') in 0.0233291 seconds
Number of updated asset objects reloaded before import = 0Number of asset objects unloaded after import = 3

========================================================================
Received Import Request.
  Time since last request: 0.000034 seconds.
  path: Assets/Dark UI/New Icons/White Gear 2.png
  artifactKey: Guid(8152721df6350f74b920a9565a5aecb4) Importer(815301076,1909f56bfc062723c751e8b465ee728b)
Start importing Assets/Dark UI/New Icons/White Gear 2.png using Guid(8152721df6350f74b920a9565a5aecb4) Importer(815301076,1909f56bfc062723c751e8b465ee728b) (PreviewImporter) -> (artifact id: '4810808d3216569a02434c4b83e43101') in 0.0246763 seconds
Number of updated asset objects reloaded before import = 0Number of asset objects unloaded after import = 3

========================================================================
Received Import Request.
  Time since last request: 0.000025 seconds.
  path: Assets/Dark UI/New Icons/White Media Folder.png
  artifactKey: Guid(61b813bc36c05e349afdff9f861c13db) Importer(815301076,1909f56bfc062723c751e8b465ee728b)
Start importing Assets/Dark UI/New Icons/White Media Folder.png using Guid(61b813bc36c05e349afdff9f861c13db) Importer(815301076,1909f56bfc062723c751e8b465ee728b) (PreviewImporter) -> (artifact id: '71c5211df5bd414700a2a7bc93935390') in 0.0265245 seconds
Number of updated asset objects reloaded before import = 0Number of asset objects unloaded after import = 3

========================================================================
Received Import Request.
  Time since last request: 0.000025 seconds.
  path: Assets/Dark UI/New Icons/White Move LeftRight.png
  artifactKey: Guid(fe79327cfcd3b5b48af90aa371100725) Importer(815301076,1909f56bfc062723c751e8b465ee728b)
Start importing Assets/Dark UI/New Icons/White Move LeftRight.png using Guid(fe79327cfcd3b5b48af90aa371100725) Importer(815301076,1909f56bfc062723c751e8b465ee728b) (PreviewImporter) -> (artifact id: '50d6e30b44960ec9089614a5d8f43ede') in 0.0246017 seconds
Number of updated asset objects reloaded before import = 0Number of asset objects unloaded after import = 3

========================================================================
Received Import Request.
  Time since last request: 0.000030 seconds.
  path: Assets/Dark UI/New Icons/White Monitor.png
  artifactKey: Guid(83de16c9ebbf5414c8db045f08c81258) Importer(815301076,1909f56bfc062723c751e8b465ee728b)
Start importing Assets/Dark UI/New Icons/White Monitor.png using Guid(83de16c9ebbf5414c8db045f08c81258) Importer(815301076,1909f56bfc062723c751e8b465ee728b) (PreviewImporter) -> (artifact id: '8c8e832cbcc66c817293fb860c00e6e3') in 0.0246915 seconds
Number of updated asset objects reloaded before import = 0Number of asset objects unloaded after import = 3

========================================================================
Received Import Request.
  Time since last request: 0.000029 seconds.
  path: Assets/Dark UI/New Icons/White Link.png
  artifactKey: Guid(c184c23d6a6a4284e966e60b5449887a) Importer(815301076,1909f56bfc062723c751e8b465ee728b)
Start importing Assets/Dark UI/New Icons/White Link.png using Guid(c184c23d6a6a4284e966e60b5449887a) Importer(815301076,1909f56bfc062723c751e8b465ee728b) (PreviewImporter) -> (artifact id: 'ce038ccd48ee623b9a0d43cd4884ca6e') in 0.0216274 seconds
Number of updated asset objects reloaded before import = 0Number of asset objects unloaded after import = 3

========================================================================
Received Import Request.
  Time since last request: 0.000028 seconds.
  path: Assets/Dark UI/New Icons/White Menu 1.png
  artifactKey: Guid(2a1e1464824789b44ab28ecf35058069) Importer(815301076,1909f56bfc062723c751e8b465ee728b)
Start importing Assets/Dark UI/New Icons/White Menu 1.png using Guid(2a1e1464824789b44ab28ecf35058069) Importer(815301076,1909f56bfc062723c751e8b465ee728b) (PreviewImporter) -> (artifact id: 'df7aa32dabaa42b79366d0b022e1c4ac') in 0.0272202 seconds
Number of updated asset objects reloaded before import = 0Number of asset objects unloaded after import = 3

========================================================================
Received Import Request.
  Time since last request: 0.000029 seconds.
  path: Assets/Dark UI/New Icons/White Hammer 2.png
  artifactKey: Guid(e9eb87fd4962a704faf3ec8c2912c635) Importer(815301076,1909f56bfc062723c751e8b465ee728b)
Start importing Assets/Dark UI/New Icons/White Hammer 2.png using Guid(e9eb87fd4962a704faf3ec8c2912c635) Importer(815301076,1909f56bfc062723c751e8b465ee728b) (PreviewImporter) -> (artifact id: '2149ba148ee3b6e3b1610d70ec2c2fe6') in 0.0248232 seconds
Number of updated asset objects reloaded before import = 0Number of asset objects unloaded after import = 3

========================================================================
Received Import Request.
  Time since last request: 0.000030 seconds.
  path: Assets/Dark UI/New Icons/White Left.png
  artifactKey: Guid(594213794742f464abbdfe38f0fdcaf6) Importer(815301076,1909f56bfc062723c751e8b465ee728b)
Start importing Assets/Dark UI/New Icons/White Left.png using Guid(594213794742f464abbdfe38f0fdcaf6) Importer(815301076,1909f56bfc062723c751e8b465ee728b) (PreviewImporter) -> (artifact id: '610ee389067f56df48029d583a7d99d4') in 0.023712 seconds
Number of updated asset objects reloaded before import = 0Number of asset objects unloaded after import = 3

========================================================================
Received Import Request.
  Time since last request: 0.000030 seconds.
  path: Assets/Dark UI/New Icons/White Info 1.png
  artifactKey: Guid(883c9ddf3617dec428bc0fafdad03f92) Importer(815301076,1909f56bfc062723c751e8b465ee728b)
Start importing Assets/Dark UI/New Icons/White Info 1.png using Guid(883c9ddf3617dec428bc0fafdad03f92) Importer(815301076,1909f56bfc062723c751e8b465ee728b) (PreviewImporter) -> (artifact id: 'a523fd01e4e4237a66f5d1606e0d7c53') in 0.0252326 seconds
Number of updated asset objects reloaded before import = 0Number of asset objects unloaded after import = 3

========================================================================
Received Import Request.
  Time since last request: 0.000684 seconds.
  path: Assets/Dark UI/New Icons/White Message 2.png
  artifactKey: Guid(2ed76750890eee843ac757621dba82e0) Importer(815301076,1909f56bfc062723c751e8b465ee728b)
Start importing Assets/Dark UI/New Icons/White Message 2.png using Guid(2ed76750890eee843ac757621dba82e0) Importer(815301076,1909f56bfc062723c751e8b465ee728b) (PreviewImporter) -> (artifact id: 'b0eb931a8b297eb7f60a66bedd4ebb31') in 0.0225335 seconds
Number of updated asset objects reloaded before import = 0Number of asset objects unloaded after import = 3

========================================================================
Received Import Request.
  Time since last request: 0.000027 seconds.
  path: Assets/Dark UI/New Icons/White FastFordward.png
  artifactKey: Guid(802a7f4783974a04d85bfea4c8d83bf4) Importer(815301076,1909f56bfc062723c751e8b465ee728b)
Start importing Assets/Dark UI/New Icons/White FastFordward.png using Guid(802a7f4783974a04d85bfea4c8d83bf4) Importer(815301076,1909f56bfc062723c751e8b465ee728b) (PreviewImporter) -> (artifact id: '81bbd318549f3b4fe6fe5aac47f1f9d4') in 0.0262729 seconds
Number of updated asset objects reloaded before import = 0Number of asset objects unloaded after import = 3

========================================================================
Received Import Request.
  Time since last request: 0.000022 seconds.
  path: Assets/Dark UI/New Icons/White Minus.png
  artifactKey: Guid(7ac938c7a6eb8284ca8f3519a27dd66f) Importer(815301076,1909f56bfc062723c751e8b465ee728b)
Start importing Assets/Dark UI/New Icons/White Minus.png using Guid(7ac938c7a6eb8284ca8f3519a27dd66f) Importer(815301076,1909f56bfc062723c751e8b465ee728b) (PreviewImporter) -> (artifact id: '054c3aeda93266fc3a3b6bd7afb131d5') in 0.0238722 seconds
Number of updated asset objects reloaded before import = 0Number of asset objects unloaded after import = 3

========================================================================
Received Import Request.
  Time since last request: 0.000022 seconds.
  path: Assets/Dark UI/New Icons/White Music Note.png
  artifactKey: Guid(343ccedab88230f4596d167280dc7d5f) Importer(815301076,1909f56bfc062723c751e8b465ee728b)
Start importing Assets/Dark UI/New Icons/White Music Note.png using Guid(343ccedab88230f4596d167280dc7d5f) Importer(815301076,1909f56bfc062723c751e8b465ee728b) (PreviewImporter) -> (artifact id: '75875e28d8ba0d13c5ff9525abc3f1ee') in 0.0266217 seconds
Number of updated asset objects reloaded before import = 0Number of asset objects unloaded after import = 3

========================================================================
Received Import Request.
  Time since last request: 0.000035 seconds.
  path: Assets/Dark UI/New Icons/White Male.png
  artifactKey: Guid(005d996db1592d14ab9211c69d836f7b) Importer(815301076,1909f56bfc062723c751e8b465ee728b)
Start importing Assets/Dark UI/New Icons/White Male.png using Guid(005d996db1592d14ab9211c69d836f7b) Importer(815301076,1909f56bfc062723c751e8b465ee728b) (PreviewImporter) -> (artifact id: '75f899f5bf573714a847cb71f7c04afb') in 0.0237558 seconds
Number of updated asset objects reloaded before import = 0Number of asset objects unloaded after import = 3

========================================================================
Received Import Request.
  Time since last request: 0.000023 seconds.
  path: Assets/Dark UI/New Icons/White Move UpDown.png
  artifactKey: Guid(12eec56a0c2b4c34ab3390af05886ded) Importer(815301076,1909f56bfc062723c751e8b465ee728b)
Start importing Assets/Dark UI/New Icons/White Move UpDown.png using Guid(12eec56a0c2b4c34ab3390af05886ded) Importer(815301076,1909f56bfc062723c751e8b465ee728b) (PreviewImporter) -> (artifact id: '1c46043d03321c63a0b9c8feb33a88a7') in 0.0215902 seconds
Number of updated asset objects reloaded before import = 0Number of asset objects unloaded after import = 3

========================================================================
Received Import Request.
  Time since last request: 0.000029 seconds.
  path: Assets/Dark UI/New Icons/White Euro.png
  artifactKey: Guid(2715b8fd2aa85bc43b1b3e1825eb9f99) Importer(815301076,1909f56bfc062723c751e8b465ee728b)
Start importing Assets/Dark UI/New Icons/White Euro.png using Guid(2715b8fd2aa85bc43b1b3e1825eb9f99) Importer(815301076,1909f56bfc062723c751e8b465ee728b) (PreviewImporter) -> (artifact id: '6827fb9d58e2300158fc9a15e5724850') in 0.023952 seconds
Number of updated asset objects reloaded before import = 0Number of asset objects unloaded after import = 3

========================================================================
Received Import Request.
  Time since last request: 0.000030 seconds.
  path: Assets/Dark UI/New Icons/White Helmet.png
  artifactKey: Guid(1496937c4b3a2ce4fa97dde5031a5a2e) Importer(815301076,1909f56bfc062723c751e8b465ee728b)
Start importing Assets/Dark UI/New Icons/White Helmet.png using Guid(1496937c4b3a2ce4fa97dde5031a5a2e) Importer(815301076,1909f56bfc062723c751e8b465ee728b) (PreviewImporter) -> (artifact id: '6ce0eba1f06012e7d9a3be4bbd7c0447') in 0.027638 seconds
Number of updated asset objects reloaded before import = 0Number of asset objects unloaded after import = 3

========================================================================
Received Import Request.
  Time since last request: 0.000029 seconds.
  path: Assets/Dark UI/New Icons/White Map.png
  artifactKey: Guid(d2fedebafbc90dd4687c05798b9e399f) Importer(815301076,1909f56bfc062723c751e8b465ee728b)
Start importing Assets/Dark UI/New Icons/White Map.png using Guid(d2fedebafbc90dd4687c05798b9e399f) Importer(815301076,1909f56bfc062723c751e8b465ee728b) (PreviewImporter) -> (artifact id: 'd439655496c592b5769b92ec5b6c5187') in 0.0231316 seconds
Number of updated asset objects reloaded before import = 0Number of asset objects unloaded after import = 3

========================================================================
Received Import Request.
  Time since last request: 0.000048 seconds.
  path: Assets/Dark UI/New Icons/White Light.png
  artifactKey: Guid(256fb8f6fc4c4bd4faf89a2d01947f02) Importer(815301076,1909f56bfc062723c751e8b465ee728b)
Start importing Assets/Dark UI/New Icons/White Light.png using Guid(256fb8f6fc4c4bd4faf89a2d01947f02) Importer(815301076,1909f56bfc062723c751e8b465ee728b) (PreviewImporter) -> (artifact id: '59ceff9c5f62d43d36fcc8c491accb4d') in 0.0233089 seconds
Number of updated asset objects reloaded before import = 0Number of asset objects unloaded after import = 3

========================================================================
Received Import Request.
  Time since last request: 0.000025 seconds.
  path: Assets/Dark UI/New Icons/White Music Off.png
  artifactKey: Guid(cabad5b87dec1fd4e8749fa9f8936e63) Importer(815301076,1909f56bfc062723c751e8b465ee728b)
Start importing Assets/Dark UI/New Icons/White Music Off.png using Guid(cabad5b87dec1fd4e8749fa9f8936e63) Importer(815301076,1909f56bfc062723c751e8b465ee728b) (PreviewImporter) -> (artifact id: '935197b5c75cfa55105b325caf123a55') in 0.0258754 seconds
Number of updated asset objects reloaded before import = 0Number of asset objects unloaded after import = 3

========================================================================
Received Import Request.
  Time since last request: 0.000031 seconds.
  path: Assets/Dark UI/New Icons/White Home 2.png
  artifactKey: Guid(46da1ec1a579f104798ed66f5db796f1) Importer(815301076,1909f56bfc062723c751e8b465ee728b)
Start importing Assets/Dark UI/New Icons/White Home 2.png using Guid(46da1ec1a579f104798ed66f5db796f1) Importer(815301076,1909f56bfc062723c751e8b465ee728b) (PreviewImporter) -> (artifact id: 'fb56489ef8051f88b1f6d94f0b9d1a4b') in 0.0246733 seconds
Number of updated asset objects reloaded before import = 0Number of asset objects unloaded after import = 3

Editor requested this worker to shutdown with reason: Scaling down because of idle timeout
AssetImportWorker is now disconnected from the server
Process exiting
Exiting without the bug reporter. Application will terminate with return code 0